Copyright 1986-2022 Xilinx, Inc. All Rights Reserved. Copyright 2022-2024 Advanced Micro Devices, Inc. All Rights Reserved.
---------------------------------------------------------------------------------------------------------------------------------------------------------------------------------------------------------------------
| Tool Version : Vivado v.2024.1 (win64) Build 5076996 Wed May 22 18:37:14 MDT 2024
| Date         : Tue Aug  6 21:00:22 2024
| Host         : DESKTOP-R0CH3C2 running 64-bit major release  (build 9200)
| Command      : report_timing_summary -max_paths 10 -report_unconstrained -file Min_Tree_timing_summary_routed.rpt -pb Min_Tree_timing_summary_routed.pb -rpx Min_Tree_timing_summary_routed.rpx -warn_on_violation
| Design       : Min_Tree
| Device       : 7k70t-fbv676
| Speed File   : -1  PRODUCTION 1.12 2017-02-17
| Design State : Routed
---------------------------------------------------------------------------------------------------------------------------------------------------------------------------------------------------------------------

Timing Summary Report

------------------------------------------------------------------------------------------------
| Timer Settings
| --------------
------------------------------------------------------------------------------------------------

  Enable Multi Corner Analysis               :  Yes
  Enable Pessimism Removal                   :  Yes
  Pessimism Removal Resolution               :  Nearest Common Node
  Enable Input Delay Default Clock           :  No
  Enable Preset / Clear Arcs                 :  No
  Disable Flight Delays                      :  No
  Ignore I/O Paths                           :  No
  Timing Early Launch at Borrowing Latches   :  No
  Borrow Time for Max Delay Exceptions       :  Yes
  Merge Timing Exceptions                    :  Yes
  Inter-SLR Compensation                     :  Conservative

  Corner  Analyze    Analyze    
  Name    Max Paths  Min Paths  
  ------  ---------  ---------  
  Slow    Yes        Yes        
  Fast    Yes        Yes        


------------------------------------------------------------------------------------------------
| Report Methodology
| ------------------
------------------------------------------------------------------------------------------------

No report available as report_methodology has not been run prior. Run report_methodology on the current design for the summary of methodology violations.



check_timing report

Table of Contents
-----------------
1. checking no_clock (0)
2. checking constant_clock (0)
3. checking pulse_width_clock (0)
4. checking unconstrained_internal_endpoints (0)
5. checking no_input_delay (0)
6. checking no_output_delay (0)
7. checking multiple_clock (0)
8. checking generated_clocks (0)
9. checking loops (0)
10. checking partial_input_delay (0)
11. checking partial_output_delay (0)
12. checking latch_loops (0)

1. checking no_clock (0)
------------------------
 There are 0 register/latch pins with no clock.


2. checking constant_clock (0)
------------------------------
 There are 0 register/latch pins with constant_clock.


3. checking pulse_width_clock (0)
---------------------------------
 There are 0 register/latch pins which need pulse_width check


4. checking unconstrained_internal_endpoints (0)
------------------------------------------------
 There are 0 pins that are not constrained for maximum delay.

 There are 0 pins that are not constrained for maximum delay due to constant clock.


5. checking no_input_delay (0)
------------------------------
 There are 0 input ports with no input delay specified.

 There are 0 input ports with no input delay but user has a false path constraint.


6. checking no_output_delay (0)
-------------------------------
 There are 0 ports with no output delay specified.

 There are 0 ports with no output delay but user has a false path constraint

 There are 0 ports with no output delay but with a timing clock defined on it or propagating through it


7. checking multiple_clock (0)
------------------------------
 There are 0 register/latch pins with multiple clocks.


8. checking generated_clocks (0)
--------------------------------
 There are 0 generated clocks that are not connected to a clock source.


9. checking loops (0)
---------------------
 There are 0 combinational loops in the design.


10. checking partial_input_delay (0)
------------------------------------
 There are 0 input ports with partial input delay specified.


11. checking partial_output_delay (0)
-------------------------------------
 There are 0 ports with partial output delay specified.


12. checking latch_loops (0)
----------------------------
 There are 0 combinational latch loops in the design through latch input



------------------------------------------------------------------------------------------------
| Design Timing Summary
| ---------------------
------------------------------------------------------------------------------------------------

    WNS(ns)      TNS(ns)  TNS Failing Endpoints  TNS Total Endpoints      WHS(ns)      THS(ns)  THS Failing Endpoints  THS Total Endpoints     WPWS(ns)     TPWS(ns)  TPWS Failing Endpoints  TPWS Total Endpoints  
    -------      -------  ---------------------  -------------------      -------      -------  ---------------------  -------------------     --------     --------  ----------------------  --------------------  
        inf        0.000                      0                   13          inf        0.000                      0                   13           NA           NA                      NA                    NA  


There are no user specified timing constraints.


------------------------------------------------------------------------------------------------
| Clock Summary
| -------------
------------------------------------------------------------------------------------------------


------------------------------------------------------------------------------------------------
| Intra Clock Table
| -----------------
------------------------------------------------------------------------------------------------

Clock             WNS(ns)      TNS(ns)  TNS Failing Endpoints  TNS Total Endpoints      WHS(ns)      THS(ns)  THS Failing Endpoints  THS Total Endpoints     WPWS(ns)     TPWS(ns)  TPWS Failing Endpoints  TPWS Total Endpoints  
-----             -------      -------  ---------------------  -------------------      -------      -------  ---------------------  -------------------     --------     --------  ----------------------  --------------------  


------------------------------------------------------------------------------------------------
| Inter Clock Table
| -----------------
------------------------------------------------------------------------------------------------

From Clock    To Clock          WNS(ns)      TNS(ns)  TNS Failing Endpoints  TNS Total Endpoints      WHS(ns)      THS(ns)  THS Failing Endpoints  THS Total Endpoints  
----------    --------          -------      -------  ---------------------  -------------------      -------      -------  ---------------------  -------------------  


------------------------------------------------------------------------------------------------
| Other Path Groups Table
| -----------------------
------------------------------------------------------------------------------------------------

Path Group    From Clock    To Clock          WNS(ns)      TNS(ns)  TNS Failing Endpoints  TNS Total Endpoints      WHS(ns)      THS(ns)  THS Failing Endpoints  THS Total Endpoints  
----------    ----------    --------          -------      -------  ---------------------  -------------------      -------      -------  ---------------------  -------------------  


------------------------------------------------------------------------------------------------
| User Ignored Path Table
| -----------------------
------------------------------------------------------------------------------------------------

Path Group    From Clock    To Clock    
----------    ----------    --------    


------------------------------------------------------------------------------------------------
| Unconstrained Path Table
| ------------------------
------------------------------------------------------------------------------------------------

Path Group    From Clock    To Clock    
----------    ----------    --------    
(none)                                    


------------------------------------------------------------------------------------------------
| Timing Details
| --------------
------------------------------------------------------------------------------------------------


--------------------------------------------------------------------------------------
Path Group:  (none)
From Clock:  
  To Clock:  

Max Delay            13 Endpoints
Min Delay            13 Endpoints
--------------------------------------------------------------------------------------


Max Delay Paths
--------------------------------------------------------------------------------------
Slack:                    inf
  Source:                 m0[1]
                            (input port)
  Destination:            min2[0]
                            (output port)
  Path Group:             (none)
  Path Type:              Max at Slow Process Corner
  Data Path Delay:        27.238ns  (logic 5.667ns (20.805%)  route 21.571ns (79.195%))
  Logic Levels:           35  (IBUF=1 LUT2=1 LUT3=5 LUT4=3 LUT5=5 LUT6=19 OBUF=1)

    Location             Delay type                Incr(ns)  Path(ns)    Netlist Resource(s)
  -------------------------------------------------------------------    -------------------
    T19                                               0.000     0.000 r  m0[1] (IN)
                         net (fo=0)                   0.000     0.000    m0[1]
    T19                  IBUF (Prop_ibuf_I_O)         0.809     0.809 r  m0_IBUF[1]_inst/O
                         net (fo=6, routed)           1.560     2.369    m0_IBUF[1]
    SLICE_X0Y24          LUT5 (Prop_lut5_I1_O)        0.053     2.422 f  idx_OBUF[0]_inst_i_6/O
                         net (fo=11, routed)          0.620     3.042    min_temp11
    SLICE_X3Y24          LUT6 (Prop_lut6_I2_O)        0.053     3.095 r  idx_OBUF[0]_inst_i_4/O
                         net (fo=6, routed)           0.842     3.936    idx_OBUF[0]_inst_i_4_n_0
    SLICE_X3Y25          LUT4 (Prop_lut4_I1_O)        0.053     3.989 r  min1_OBUF[1]_inst_i_4/O
                         net (fo=3, routed)           0.559     4.548    min1_OBUF[1]_inst_i_4_n_0
    SLICE_X3Y26          LUT6 (Prop_lut6_I2_O)        0.053     4.601 r  idx_OBUF[1]_inst_i_10/O
                         net (fo=1, routed)           0.557     5.159    idx_OBUF[1]_inst_i_10_n_0
    SLICE_X4Y26          LUT5 (Prop_lut5_I4_O)        0.053     5.212 r  idx_OBUF[1]_inst_i_8/O
                         net (fo=5, routed)           0.660     5.871    idx_OBUF[1]_inst_i_8_n_0
    SLICE_X4Y25          LUT6 (Prop_lut6_I0_O)        0.053     5.924 r  min1_OBUF[0]_inst_i_3/O
                         net (fo=3, routed)           0.566     6.491    min1_OBUF[0]_inst_i_3_n_0
    SLICE_X4Y28          LUT6 (Prop_lut6_I2_O)        0.053     6.544 r  idx_OBUF[1]_inst_i_6/O
                         net (fo=1, routed)           0.459     7.002    idx_OBUF[1]_inst_i_6_n_0
    SLICE_X4Y28          LUT5 (Prop_lut5_I4_O)        0.053     7.055 r  idx_OBUF[1]_inst_i_3/O
                         net (fo=7, routed)           0.685     7.740    p_0_in__0
    SLICE_X3Y29          LUT2 (Prop_lut2_I1_O)        0.053     7.793 r  idx_OBUF[2]_inst_i_2/O
                         net (fo=5, routed)           0.741     8.534    idx_OBUF[2]_inst_i_2_n_0
    SLICE_X4Y29          LUT6 (Prop_lut6_I1_O)        0.053     8.587 f  min1_OBUF[3]_inst_i_2/O
                         net (fo=3, routed)           0.588     9.175    min1_OBUF[3]_inst_i_2_n_0
    SLICE_X1Y29          LUT5 (Prop_lut5_I3_O)        0.053     9.228 f  idx_OBUF[2]_inst_i_4/O
                         net (fo=7, routed)           0.543     9.771    idx_OBUF[2]_inst_i_4_n_0
    SLICE_X3Y29          LUT5 (Prop_lut5_I4_O)        0.069     9.840 f  idx_OBUF[1]_inst_i_1/O
                         net (fo=13, routed)          1.110    10.950    idx_OBUF[1]
    SLICE_X2Y25          LUT4 (Prop_lut4_I2_O)        0.184    11.134 f  min2_OBUF[2]_inst_i_8/O
                         net (fo=6, routed)           0.846    11.979    min_temp21
    SLICE_X1Y24          LUT6 (Prop_lut6_I2_O)        0.172    12.151 r  min2_OBUF[2]_inst_i_9/O
                         net (fo=4, routed)           0.435    12.586    min2_OBUF[2]_inst_i_9_n_0
    SLICE_X1Y25          LUT6 (Prop_lut6_I2_O)        0.053    12.639 r  min2_OBUF[2]_inst_i_7/O
                         net (fo=5, routed)           0.692    13.332    min_temp212_out
    SLICE_X2Y24          LUT4 (Prop_lut4_I3_O)        0.053    13.385 r  min2_OBUF[3]_inst_i_7/O
                         net (fo=2, routed)           0.466    13.851    min2_OBUF[3]_inst_i_7_n_0
    SLICE_X2Y24          LUT6 (Prop_lut6_I1_O)        0.053    13.904 r  min2_OBUF[4]_inst_i_22/O
                         net (fo=5, routed)           0.706    14.609    min_temp215_out
    SLICE_X3Y25          LUT6 (Prop_lut6_I1_O)        0.053    14.662 r  min2_OBUF[0]_inst_i_6/O
                         net (fo=2, routed)           0.568    15.230    min2_OBUF[0]_inst_i_6_n_0
    SLICE_X3Y26          LUT6 (Prop_lut6_I4_O)        0.053    15.283 r  min2_OBUF[4]_inst_i_20/O
                         net (fo=1, routed)           0.602    15.885    min2_OBUF[4]_inst_i_20_n_0
    SLICE_X2Y26          LUT6 (Prop_lut6_I0_O)        0.053    15.938 r  min2_OBUF[4]_inst_i_18/O
                         net (fo=5, routed)           0.348    16.286    min_temp218_out
    SLICE_X3Y26          LUT3 (Prop_lut3_I1_O)        0.067    16.353 r  min2_OBUF[1]_inst_i_5/O
                         net (fo=2, routed)           0.729    17.082    min2_OBUF[1]_inst_i_5_n_0
    SLICE_X3Y28          LUT6 (Prop_lut6_I2_O)        0.170    17.252 r  min2_OBUF[4]_inst_i_16/O
                         net (fo=1, routed)           0.445    17.697    min2_OBUF[4]_inst_i_16_n_0
    SLICE_X3Y27          LUT6 (Prop_lut6_I0_O)        0.053    17.750 r  min2_OBUF[4]_inst_i_14/O
                         net (fo=5, routed)           0.326    18.076    min_temp2111_out
    SLICE_X3Y27          LUT3 (Prop_lut3_I1_O)        0.053    18.129 r  min2_OBUF[2]_inst_i_4/O
                         net (fo=2, routed)           0.571    18.700    min2_OBUF[2]_inst_i_4_n_0
    SLICE_X3Y28          LUT6 (Prop_lut6_I1_O)        0.053    18.753 r  min2_OBUF[4]_inst_i_12/O
                         net (fo=1, routed)           0.236    18.989    min2_OBUF[4]_inst_i_12_n_0
    SLICE_X2Y27          LUT6 (Prop_lut6_I0_O)        0.053    19.042 r  min2_OBUF[4]_inst_i_10/O
                         net (fo=5, routed)           0.576    19.618    min_temp2114_out
    SLICE_X2Y27          LUT3 (Prop_lut3_I1_O)        0.053    19.671 r  min2_OBUF[2]_inst_i_3/O
                         net (fo=2, routed)           0.503    20.174    min2_OBUF[2]_inst_i_3_n_0
    SLICE_X1Y28          LUT6 (Prop_lut6_I1_O)        0.053    20.227 r  min2_OBUF[4]_inst_i_8/O
                         net (fo=1, routed)           0.519    20.746    min2_OBUF[4]_inst_i_8_n_0
    SLICE_X1Y27          LUT6 (Prop_lut6_I0_O)        0.053    20.799 r  min2_OBUF[4]_inst_i_6/O
                         net (fo=5, routed)           0.574    21.373    min_temp2117_out
    SLICE_X1Y28          LUT3 (Prop_lut3_I1_O)        0.067    21.440 r  min2_OBUF[1]_inst_i_2/O
                         net (fo=2, routed)           0.314    21.754    min2_OBUF[1]_inst_i_2_n_0
    SLICE_X0Y27          LUT6 (Prop_lut6_I2_O)        0.170    21.924 r  min2_OBUF[4]_inst_i_4/O
                         net (fo=1, routed)           0.408    22.332    min2_OBUF[4]_inst_i_4_n_0
    SLICE_X0Y26          LUT6 (Prop_lut6_I0_O)        0.053    22.385 r  min2_OBUF[4]_inst_i_2/O
                         net (fo=5, routed)           0.437    22.823    min_temp2120_out
    SLICE_X0Y27          LUT3 (Prop_lut3_I1_O)        0.056    22.879 r  min2_OBUF[0]_inst_i_1/O
                         net (fo=1, routed)           1.782    24.660    min2_OBUF[0]
    M19                  OBUF (Prop_obuf_I_O)         2.578    27.238 r  min2_OBUF[0]_inst/O
                         net (fo=0)                   0.000    27.238    min2[0]
    M19                                                               r  min2[0] (OUT)
  -------------------------------------------------------------------    -------------------

Slack:                    inf
  Source:                 m0[1]
                            (input port)
  Destination:            min2[1]
                            (output port)
  Path Group:             (none)
  Path Type:              Max at Slow Process Corner
  Data Path Delay:        27.118ns  (logic 5.546ns (20.452%)  route 21.572ns (79.548%))
  Logic Levels:           35  (IBUF=1 LUT2=1 LUT3=5 LUT4=3 LUT5=5 LUT6=19 OBUF=1)

    Location             Delay type                Incr(ns)  Path(ns)    Netlist Resource(s)
  -------------------------------------------------------------------    -------------------
    T19                                               0.000     0.000 r  m0[1] (IN)
                         net (fo=0)                   0.000     0.000    m0[1]
    T19                  IBUF (Prop_ibuf_I_O)         0.809     0.809 r  m0_IBUF[1]_inst/O
                         net (fo=6, routed)           1.560     2.369    m0_IBUF[1]
    SLICE_X0Y24          LUT5 (Prop_lut5_I1_O)        0.053     2.422 f  idx_OBUF[0]_inst_i_6/O
                         net (fo=11, routed)          0.620     3.042    min_temp11
    SLICE_X3Y24          LUT6 (Prop_lut6_I2_O)        0.053     3.095 r  idx_OBUF[0]_inst_i_4/O
                         net (fo=6, routed)           0.842     3.936    idx_OBUF[0]_inst_i_4_n_0
    SLICE_X3Y25          LUT4 (Prop_lut4_I1_O)        0.053     3.989 r  min1_OBUF[1]_inst_i_4/O
                         net (fo=3, routed)           0.559     4.548    min1_OBUF[1]_inst_i_4_n_0
    SLICE_X3Y26          LUT6 (Prop_lut6_I2_O)        0.053     4.601 r  idx_OBUF[1]_inst_i_10/O
                         net (fo=1, routed)           0.557     5.159    idx_OBUF[1]_inst_i_10_n_0
    SLICE_X4Y26          LUT5 (Prop_lut5_I4_O)        0.053     5.212 r  idx_OBUF[1]_inst_i_8/O
                         net (fo=5, routed)           0.660     5.871    idx_OBUF[1]_inst_i_8_n_0
    SLICE_X4Y25          LUT6 (Prop_lut6_I0_O)        0.053     5.924 r  min1_OBUF[0]_inst_i_3/O
                         net (fo=3, routed)           0.566     6.491    min1_OBUF[0]_inst_i_3_n_0
    SLICE_X4Y28          LUT6 (Prop_lut6_I2_O)        0.053     6.544 r  idx_OBUF[1]_inst_i_6/O
                         net (fo=1, routed)           0.459     7.002    idx_OBUF[1]_inst_i_6_n_0
    SLICE_X4Y28          LUT5 (Prop_lut5_I4_O)        0.053     7.055 r  idx_OBUF[1]_inst_i_3/O
                         net (fo=7, routed)           0.685     7.740    p_0_in__0
    SLICE_X3Y29          LUT2 (Prop_lut2_I1_O)        0.053     7.793 r  idx_OBUF[2]_inst_i_2/O
                         net (fo=5, routed)           0.741     8.534    idx_OBUF[2]_inst_i_2_n_0
    SLICE_X4Y29          LUT6 (Prop_lut6_I1_O)        0.053     8.587 f  min1_OBUF[3]_inst_i_2/O
                         net (fo=3, routed)           0.588     9.175    min1_OBUF[3]_inst_i_2_n_0
    SLICE_X1Y29          LUT5 (Prop_lut5_I3_O)        0.053     9.228 f  idx_OBUF[2]_inst_i_4/O
                         net (fo=7, routed)           0.543     9.771    idx_OBUF[2]_inst_i_4_n_0
    SLICE_X3Y29          LUT5 (Prop_lut5_I4_O)        0.069     9.840 f  idx_OBUF[1]_inst_i_1/O
                         net (fo=13, routed)          1.110    10.950    idx_OBUF[1]
    SLICE_X2Y25          LUT4 (Prop_lut4_I2_O)        0.184    11.134 f  min2_OBUF[2]_inst_i_8/O
                         net (fo=6, routed)           0.846    11.979    min_temp21
    SLICE_X1Y24          LUT6 (Prop_lut6_I2_O)        0.172    12.151 r  min2_OBUF[2]_inst_i_9/O
                         net (fo=4, routed)           0.435    12.586    min2_OBUF[2]_inst_i_9_n_0
    SLICE_X1Y25          LUT6 (Prop_lut6_I2_O)        0.053    12.639 r  min2_OBUF[2]_inst_i_7/O
                         net (fo=5, routed)           0.692    13.332    min_temp212_out
    SLICE_X2Y24          LUT4 (Prop_lut4_I3_O)        0.053    13.385 r  min2_OBUF[3]_inst_i_7/O
                         net (fo=2, routed)           0.466    13.851    min2_OBUF[3]_inst_i_7_n_0
    SLICE_X2Y24          LUT6 (Prop_lut6_I1_O)        0.053    13.904 r  min2_OBUF[4]_inst_i_22/O
                         net (fo=5, routed)           0.706    14.609    min_temp215_out
    SLICE_X3Y25          LUT6 (Prop_lut6_I1_O)        0.053    14.662 r  min2_OBUF[0]_inst_i_6/O
                         net (fo=2, routed)           0.568    15.230    min2_OBUF[0]_inst_i_6_n_0
    SLICE_X3Y26          LUT6 (Prop_lut6_I4_O)        0.053    15.283 r  min2_OBUF[4]_inst_i_20/O
                         net (fo=1, routed)           0.602    15.885    min2_OBUF[4]_inst_i_20_n_0
    SLICE_X2Y26          LUT6 (Prop_lut6_I0_O)        0.053    15.938 r  min2_OBUF[4]_inst_i_18/O
                         net (fo=5, routed)           0.348    16.286    min_temp218_out
    SLICE_X3Y26          LUT3 (Prop_lut3_I1_O)        0.067    16.353 r  min2_OBUF[1]_inst_i_5/O
                         net (fo=2, routed)           0.729    17.082    min2_OBUF[1]_inst_i_5_n_0
    SLICE_X3Y28          LUT6 (Prop_lut6_I2_O)        0.170    17.252 r  min2_OBUF[4]_inst_i_16/O
                         net (fo=1, routed)           0.445    17.697    min2_OBUF[4]_inst_i_16_n_0
    SLICE_X3Y27          LUT6 (Prop_lut6_I0_O)        0.053    17.750 r  min2_OBUF[4]_inst_i_14/O
                         net (fo=5, routed)           0.326    18.076    min_temp2111_out
    SLICE_X3Y27          LUT3 (Prop_lut3_I1_O)        0.053    18.129 r  min2_OBUF[2]_inst_i_4/O
                         net (fo=2, routed)           0.571    18.700    min2_OBUF[2]_inst_i_4_n_0
    SLICE_X3Y28          LUT6 (Prop_lut6_I1_O)        0.053    18.753 r  min2_OBUF[4]_inst_i_12/O
                         net (fo=1, routed)           0.236    18.989    min2_OBUF[4]_inst_i_12_n_0
    SLICE_X2Y27          LUT6 (Prop_lut6_I0_O)        0.053    19.042 r  min2_OBUF[4]_inst_i_10/O
                         net (fo=5, routed)           0.576    19.618    min_temp2114_out
    SLICE_X2Y27          LUT3 (Prop_lut3_I1_O)        0.053    19.671 r  min2_OBUF[2]_inst_i_3/O
                         net (fo=2, routed)           0.503    20.174    min2_OBUF[2]_inst_i_3_n_0
    SLICE_X1Y28          LUT6 (Prop_lut6_I1_O)        0.053    20.227 r  min2_OBUF[4]_inst_i_8/O
                         net (fo=1, routed)           0.519    20.746    min2_OBUF[4]_inst_i_8_n_0
    SLICE_X1Y27          LUT6 (Prop_lut6_I0_O)        0.053    20.799 r  min2_OBUF[4]_inst_i_6/O
                         net (fo=5, routed)           0.574    21.373    min_temp2117_out
    SLICE_X1Y28          LUT3 (Prop_lut3_I1_O)        0.067    21.440 r  min2_OBUF[1]_inst_i_2/O
                         net (fo=2, routed)           0.314    21.754    min2_OBUF[1]_inst_i_2_n_0
    SLICE_X0Y27          LUT6 (Prop_lut6_I2_O)        0.170    21.924 r  min2_OBUF[4]_inst_i_4/O
                         net (fo=1, routed)           0.408    22.332    min2_OBUF[4]_inst_i_4_n_0
    SLICE_X0Y26          LUT6 (Prop_lut6_I0_O)        0.053    22.385 r  min2_OBUF[4]_inst_i_2/O
                         net (fo=5, routed)           0.437    22.823    min_temp2120_out
    SLICE_X0Y27          LUT3 (Prop_lut3_I1_O)        0.053    22.876 r  min2_OBUF[1]_inst_i_1/O
                         net (fo=1, routed)           1.783    24.658    min2_OBUF[1]
    N18                  OBUF (Prop_obuf_I_O)         2.460    27.118 r  min2_OBUF[1]_inst/O
                         net (fo=0)                   0.000    27.118    min2[1]
    N18                                                               r  min2[1] (OUT)
  -------------------------------------------------------------------    -------------------

Slack:                    inf
  Source:                 m0[1]
                            (input port)
  Destination:            min2[3]
                            (output port)
  Path Group:             (none)
  Path Type:              Max at Slow Process Corner
  Data Path Delay:        27.074ns  (logic 5.650ns (20.869%)  route 21.424ns (79.131%))
  Logic Levels:           35  (IBUF=1 LUT2=1 LUT3=5 LUT4=3 LUT5=5 LUT6=19 OBUF=1)

    Location             Delay type                Incr(ns)  Path(ns)    Netlist Resource(s)
  -------------------------------------------------------------------    -------------------
    T19                                               0.000     0.000 r  m0[1] (IN)
                         net (fo=0)                   0.000     0.000    m0[1]
    T19                  IBUF (Prop_ibuf_I_O)         0.809     0.809 r  m0_IBUF[1]_inst/O
                         net (fo=6, routed)           1.560     2.369    m0_IBUF[1]
    SLICE_X0Y24          LUT5 (Prop_lut5_I1_O)        0.053     2.422 f  idx_OBUF[0]_inst_i_6/O
                         net (fo=11, routed)          0.620     3.042    min_temp11
    SLICE_X3Y24          LUT6 (Prop_lut6_I2_O)        0.053     3.095 r  idx_OBUF[0]_inst_i_4/O
                         net (fo=6, routed)           0.842     3.936    idx_OBUF[0]_inst_i_4_n_0
    SLICE_X3Y25          LUT4 (Prop_lut4_I1_O)        0.053     3.989 r  min1_OBUF[1]_inst_i_4/O
                         net (fo=3, routed)           0.559     4.548    min1_OBUF[1]_inst_i_4_n_0
    SLICE_X3Y26          LUT6 (Prop_lut6_I2_O)        0.053     4.601 r  idx_OBUF[1]_inst_i_10/O
                         net (fo=1, routed)           0.557     5.159    idx_OBUF[1]_inst_i_10_n_0
    SLICE_X4Y26          LUT5 (Prop_lut5_I4_O)        0.053     5.212 r  idx_OBUF[1]_inst_i_8/O
                         net (fo=5, routed)           0.660     5.871    idx_OBUF[1]_inst_i_8_n_0
    SLICE_X4Y25          LUT6 (Prop_lut6_I0_O)        0.053     5.924 r  min1_OBUF[0]_inst_i_3/O
                         net (fo=3, routed)           0.566     6.491    min1_OBUF[0]_inst_i_3_n_0
    SLICE_X4Y28          LUT6 (Prop_lut6_I2_O)        0.053     6.544 r  idx_OBUF[1]_inst_i_6/O
                         net (fo=1, routed)           0.459     7.002    idx_OBUF[1]_inst_i_6_n_0
    SLICE_X4Y28          LUT5 (Prop_lut5_I4_O)        0.053     7.055 r  idx_OBUF[1]_inst_i_3/O
                         net (fo=7, routed)           0.685     7.740    p_0_in__0
    SLICE_X3Y29          LUT2 (Prop_lut2_I1_O)        0.053     7.793 r  idx_OBUF[2]_inst_i_2/O
                         net (fo=5, routed)           0.741     8.534    idx_OBUF[2]_inst_i_2_n_0
    SLICE_X4Y29          LUT6 (Prop_lut6_I1_O)        0.053     8.587 f  min1_OBUF[3]_inst_i_2/O
                         net (fo=3, routed)           0.588     9.175    min1_OBUF[3]_inst_i_2_n_0
    SLICE_X1Y29          LUT5 (Prop_lut5_I3_O)        0.053     9.228 f  idx_OBUF[2]_inst_i_4/O
                         net (fo=7, routed)           0.543     9.771    idx_OBUF[2]_inst_i_4_n_0
    SLICE_X3Y29          LUT5 (Prop_lut5_I4_O)        0.069     9.840 f  idx_OBUF[1]_inst_i_1/O
                         net (fo=13, routed)          1.110    10.950    idx_OBUF[1]
    SLICE_X2Y25          LUT4 (Prop_lut4_I2_O)        0.184    11.134 f  min2_OBUF[2]_inst_i_8/O
                         net (fo=6, routed)           0.846    11.979    min_temp21
    SLICE_X1Y24          LUT6 (Prop_lut6_I2_O)        0.172    12.151 r  min2_OBUF[2]_inst_i_9/O
                         net (fo=4, routed)           0.435    12.586    min2_OBUF[2]_inst_i_9_n_0
    SLICE_X1Y25          LUT6 (Prop_lut6_I2_O)        0.053    12.639 r  min2_OBUF[2]_inst_i_7/O
                         net (fo=5, routed)           0.692    13.332    min_temp212_out
    SLICE_X2Y24          LUT4 (Prop_lut4_I3_O)        0.053    13.385 r  min2_OBUF[3]_inst_i_7/O
                         net (fo=2, routed)           0.466    13.851    min2_OBUF[3]_inst_i_7_n_0
    SLICE_X2Y24          LUT6 (Prop_lut6_I1_O)        0.053    13.904 r  min2_OBUF[4]_inst_i_22/O
                         net (fo=5, routed)           0.706    14.609    min_temp215_out
    SLICE_X3Y25          LUT6 (Prop_lut6_I1_O)        0.053    14.662 r  min2_OBUF[0]_inst_i_6/O
                         net (fo=2, routed)           0.568    15.230    min2_OBUF[0]_inst_i_6_n_0
    SLICE_X3Y26          LUT6 (Prop_lut6_I4_O)        0.053    15.283 r  min2_OBUF[4]_inst_i_20/O
                         net (fo=1, routed)           0.602    15.885    min2_OBUF[4]_inst_i_20_n_0
    SLICE_X2Y26          LUT6 (Prop_lut6_I0_O)        0.053    15.938 r  min2_OBUF[4]_inst_i_18/O
                         net (fo=5, routed)           0.348    16.286    min_temp218_out
    SLICE_X3Y26          LUT3 (Prop_lut3_I1_O)        0.067    16.353 r  min2_OBUF[1]_inst_i_5/O
                         net (fo=2, routed)           0.729    17.082    min2_OBUF[1]_inst_i_5_n_0
    SLICE_X3Y28          LUT6 (Prop_lut6_I2_O)        0.170    17.252 r  min2_OBUF[4]_inst_i_16/O
                         net (fo=1, routed)           0.445    17.697    min2_OBUF[4]_inst_i_16_n_0
    SLICE_X3Y27          LUT6 (Prop_lut6_I0_O)        0.053    17.750 r  min2_OBUF[4]_inst_i_14/O
                         net (fo=5, routed)           0.326    18.076    min_temp2111_out
    SLICE_X3Y27          LUT3 (Prop_lut3_I1_O)        0.053    18.129 r  min2_OBUF[2]_inst_i_4/O
                         net (fo=2, routed)           0.571    18.700    min2_OBUF[2]_inst_i_4_n_0
    SLICE_X3Y28          LUT6 (Prop_lut6_I1_O)        0.053    18.753 r  min2_OBUF[4]_inst_i_12/O
                         net (fo=1, routed)           0.236    18.989    min2_OBUF[4]_inst_i_12_n_0
    SLICE_X2Y27          LUT6 (Prop_lut6_I0_O)        0.053    19.042 r  min2_OBUF[4]_inst_i_10/O
                         net (fo=5, routed)           0.576    19.618    min_temp2114_out
    SLICE_X2Y27          LUT3 (Prop_lut3_I1_O)        0.053    19.671 r  min2_OBUF[2]_inst_i_3/O
                         net (fo=2, routed)           0.503    20.174    min2_OBUF[2]_inst_i_3_n_0
    SLICE_X1Y28          LUT6 (Prop_lut6_I1_O)        0.053    20.227 r  min2_OBUF[4]_inst_i_8/O
                         net (fo=1, routed)           0.519    20.746    min2_OBUF[4]_inst_i_8_n_0
    SLICE_X1Y27          LUT6 (Prop_lut6_I0_O)        0.053    20.799 r  min2_OBUF[4]_inst_i_6/O
                         net (fo=5, routed)           0.574    21.373    min_temp2117_out
    SLICE_X1Y28          LUT3 (Prop_lut3_I1_O)        0.067    21.440 r  min2_OBUF[1]_inst_i_2/O
                         net (fo=2, routed)           0.314    21.754    min2_OBUF[1]_inst_i_2_n_0
    SLICE_X0Y27          LUT6 (Prop_lut6_I2_O)        0.170    21.924 r  min2_OBUF[4]_inst_i_4/O
                         net (fo=1, routed)           0.408    22.332    min2_OBUF[4]_inst_i_4_n_0
    SLICE_X0Y26          LUT6 (Prop_lut6_I0_O)        0.053    22.385 r  min2_OBUF[4]_inst_i_2/O
                         net (fo=5, routed)           0.334    22.719    min_temp2120_out
    SLICE_X0Y26          LUT3 (Prop_lut3_I1_O)        0.056    22.775 r  min2_OBUF[3]_inst_i_1/O
                         net (fo=1, routed)           1.738    24.513    min2_OBUF[3]
    R16                  OBUF (Prop_obuf_I_O)         2.561    27.074 r  min2_OBUF[3]_inst/O
                         net (fo=0)                   0.000    27.074    min2[3]
    R16                                                               r  min2[3] (OUT)
  -------------------------------------------------------------------    -------------------

Slack:                    inf
  Source:                 m0[1]
                            (input port)
  Destination:            min2[2]
                            (output port)
  Path Group:             (none)
  Path Type:              Max at Slow Process Corner
  Data Path Delay:        26.934ns  (logic 5.527ns (20.519%)  route 21.407ns (79.481%))
  Logic Levels:           35  (IBUF=1 LUT2=1 LUT3=5 LUT4=3 LUT5=5 LUT6=19 OBUF=1)

    Location             Delay type                Incr(ns)  Path(ns)    Netlist Resource(s)
  -------------------------------------------------------------------    -------------------
    T19                                               0.000     0.000 r  m0[1] (IN)
                         net (fo=0)                   0.000     0.000    m0[1]
    T19                  IBUF (Prop_ibuf_I_O)         0.809     0.809 r  m0_IBUF[1]_inst/O
                         net (fo=6, routed)           1.560     2.369    m0_IBUF[1]
    SLICE_X0Y24          LUT5 (Prop_lut5_I1_O)        0.053     2.422 f  idx_OBUF[0]_inst_i_6/O
                         net (fo=11, routed)          0.620     3.042    min_temp11
    SLICE_X3Y24          LUT6 (Prop_lut6_I2_O)        0.053     3.095 r  idx_OBUF[0]_inst_i_4/O
                         net (fo=6, routed)           0.842     3.936    idx_OBUF[0]_inst_i_4_n_0
    SLICE_X3Y25          LUT4 (Prop_lut4_I1_O)        0.053     3.989 r  min1_OBUF[1]_inst_i_4/O
                         net (fo=3, routed)           0.559     4.548    min1_OBUF[1]_inst_i_4_n_0
    SLICE_X3Y26          LUT6 (Prop_lut6_I2_O)        0.053     4.601 r  idx_OBUF[1]_inst_i_10/O
                         net (fo=1, routed)           0.557     5.159    idx_OBUF[1]_inst_i_10_n_0
    SLICE_X4Y26          LUT5 (Prop_lut5_I4_O)        0.053     5.212 r  idx_OBUF[1]_inst_i_8/O
                         net (fo=5, routed)           0.660     5.871    idx_OBUF[1]_inst_i_8_n_0
    SLICE_X4Y25          LUT6 (Prop_lut6_I0_O)        0.053     5.924 r  min1_OBUF[0]_inst_i_3/O
                         net (fo=3, routed)           0.566     6.491    min1_OBUF[0]_inst_i_3_n_0
    SLICE_X4Y28          LUT6 (Prop_lut6_I2_O)        0.053     6.544 r  idx_OBUF[1]_inst_i_6/O
                         net (fo=1, routed)           0.459     7.002    idx_OBUF[1]_inst_i_6_n_0
    SLICE_X4Y28          LUT5 (Prop_lut5_I4_O)        0.053     7.055 r  idx_OBUF[1]_inst_i_3/O
                         net (fo=7, routed)           0.685     7.740    p_0_in__0
    SLICE_X3Y29          LUT2 (Prop_lut2_I1_O)        0.053     7.793 r  idx_OBUF[2]_inst_i_2/O
                         net (fo=5, routed)           0.741     8.534    idx_OBUF[2]_inst_i_2_n_0
    SLICE_X4Y29          LUT6 (Prop_lut6_I1_O)        0.053     8.587 f  min1_OBUF[3]_inst_i_2/O
                         net (fo=3, routed)           0.588     9.175    min1_OBUF[3]_inst_i_2_n_0
    SLICE_X1Y29          LUT5 (Prop_lut5_I3_O)        0.053     9.228 f  idx_OBUF[2]_inst_i_4/O
                         net (fo=7, routed)           0.543     9.771    idx_OBUF[2]_inst_i_4_n_0
    SLICE_X3Y29          LUT5 (Prop_lut5_I4_O)        0.069     9.840 f  idx_OBUF[1]_inst_i_1/O
                         net (fo=13, routed)          1.110    10.950    idx_OBUF[1]
    SLICE_X2Y25          LUT4 (Prop_lut4_I2_O)        0.184    11.134 f  min2_OBUF[2]_inst_i_8/O
                         net (fo=6, routed)           0.846    11.979    min_temp21
    SLICE_X1Y24          LUT6 (Prop_lut6_I2_O)        0.172    12.151 r  min2_OBUF[2]_inst_i_9/O
                         net (fo=4, routed)           0.435    12.586    min2_OBUF[2]_inst_i_9_n_0
    SLICE_X1Y25          LUT6 (Prop_lut6_I2_O)        0.053    12.639 r  min2_OBUF[2]_inst_i_7/O
                         net (fo=5, routed)           0.692    13.332    min_temp212_out
    SLICE_X2Y24          LUT4 (Prop_lut4_I3_O)        0.053    13.385 r  min2_OBUF[3]_inst_i_7/O
                         net (fo=2, routed)           0.466    13.851    min2_OBUF[3]_inst_i_7_n_0
    SLICE_X2Y24          LUT6 (Prop_lut6_I1_O)        0.053    13.904 r  min2_OBUF[4]_inst_i_22/O
                         net (fo=5, routed)           0.706    14.609    min_temp215_out
    SLICE_X3Y25          LUT6 (Prop_lut6_I1_O)        0.053    14.662 r  min2_OBUF[0]_inst_i_6/O
                         net (fo=2, routed)           0.568    15.230    min2_OBUF[0]_inst_i_6_n_0
    SLICE_X3Y26          LUT6 (Prop_lut6_I4_O)        0.053    15.283 r  min2_OBUF[4]_inst_i_20/O
                         net (fo=1, routed)           0.602    15.885    min2_OBUF[4]_inst_i_20_n_0
    SLICE_X2Y26          LUT6 (Prop_lut6_I0_O)        0.053    15.938 r  min2_OBUF[4]_inst_i_18/O
                         net (fo=5, routed)           0.348    16.286    min_temp218_out
    SLICE_X3Y26          LUT3 (Prop_lut3_I1_O)        0.067    16.353 r  min2_OBUF[1]_inst_i_5/O
                         net (fo=2, routed)           0.729    17.082    min2_OBUF[1]_inst_i_5_n_0
    SLICE_X3Y28          LUT6 (Prop_lut6_I2_O)        0.170    17.252 r  min2_OBUF[4]_inst_i_16/O
                         net (fo=1, routed)           0.445    17.697    min2_OBUF[4]_inst_i_16_n_0
    SLICE_X3Y27          LUT6 (Prop_lut6_I0_O)        0.053    17.750 r  min2_OBUF[4]_inst_i_14/O
                         net (fo=5, routed)           0.326    18.076    min_temp2111_out
    SLICE_X3Y27          LUT3 (Prop_lut3_I1_O)        0.053    18.129 r  min2_OBUF[2]_inst_i_4/O
                         net (fo=2, routed)           0.571    18.700    min2_OBUF[2]_inst_i_4_n_0
    SLICE_X3Y28          LUT6 (Prop_lut6_I1_O)        0.053    18.753 r  min2_OBUF[4]_inst_i_12/O
                         net (fo=1, routed)           0.236    18.989    min2_OBUF[4]_inst_i_12_n_0
    SLICE_X2Y27          LUT6 (Prop_lut6_I0_O)        0.053    19.042 r  min2_OBUF[4]_inst_i_10/O
                         net (fo=5, routed)           0.576    19.618    min_temp2114_out
    SLICE_X2Y27          LUT3 (Prop_lut3_I1_O)        0.053    19.671 r  min2_OBUF[2]_inst_i_3/O
                         net (fo=2, routed)           0.503    20.174    min2_OBUF[2]_inst_i_3_n_0
    SLICE_X1Y28          LUT6 (Prop_lut6_I1_O)        0.053    20.227 r  min2_OBUF[4]_inst_i_8/O
                         net (fo=1, routed)           0.519    20.746    min2_OBUF[4]_inst_i_8_n_0
    SLICE_X1Y27          LUT6 (Prop_lut6_I0_O)        0.053    20.799 r  min2_OBUF[4]_inst_i_6/O
                         net (fo=5, routed)           0.574    21.373    min_temp2117_out
    SLICE_X1Y28          LUT3 (Prop_lut3_I1_O)        0.067    21.440 r  min2_OBUF[1]_inst_i_2/O
                         net (fo=2, routed)           0.314    21.754    min2_OBUF[1]_inst_i_2_n_0
    SLICE_X0Y27          LUT6 (Prop_lut6_I2_O)        0.170    21.924 r  min2_OBUF[4]_inst_i_4/O
                         net (fo=1, routed)           0.408    22.332    min2_OBUF[4]_inst_i_4_n_0
    SLICE_X0Y26          LUT6 (Prop_lut6_I0_O)        0.053    22.385 r  min2_OBUF[4]_inst_i_2/O
                         net (fo=5, routed)           0.334    22.719    min_temp2120_out
    SLICE_X0Y26          LUT3 (Prop_lut3_I1_O)        0.053    22.772 r  min2_OBUF[2]_inst_i_1/O
                         net (fo=1, routed)           1.721    24.494    min2_OBUF[2]
    R17                  OBUF (Prop_obuf_I_O)         2.441    26.934 r  min2_OBUF[2]_inst/O
                         net (fo=0)                   0.000    26.934    min2[2]
    R17                                                               r  min2[2] (OUT)
  -------------------------------------------------------------------    -------------------

Slack:                    inf
  Source:                 m0[1]
                            (input port)
  Destination:            min2[4]
                            (output port)
  Path Group:             (none)
  Path Type:              Max at Slow Process Corner
  Data Path Delay:        26.914ns  (logic 5.531ns (20.549%)  route 21.384ns (79.451%))
  Logic Levels:           35  (IBUF=1 LUT2=1 LUT3=5 LUT4=3 LUT5=5 LUT6=19 OBUF=1)

    Location             Delay type                Incr(ns)  Path(ns)    Netlist Resource(s)
  -------------------------------------------------------------------    -------------------
    T19                                               0.000     0.000 r  m0[1] (IN)
                         net (fo=0)                   0.000     0.000    m0[1]
    T19                  IBUF (Prop_ibuf_I_O)         0.809     0.809 r  m0_IBUF[1]_inst/O
                         net (fo=6, routed)           1.560     2.369    m0_IBUF[1]
    SLICE_X0Y24          LUT5 (Prop_lut5_I1_O)        0.053     2.422 f  idx_OBUF[0]_inst_i_6/O
                         net (fo=11, routed)          0.620     3.042    min_temp11
    SLICE_X3Y24          LUT6 (Prop_lut6_I2_O)        0.053     3.095 r  idx_OBUF[0]_inst_i_4/O
                         net (fo=6, routed)           0.842     3.936    idx_OBUF[0]_inst_i_4_n_0
    SLICE_X3Y25          LUT4 (Prop_lut4_I1_O)        0.053     3.989 r  min1_OBUF[1]_inst_i_4/O
                         net (fo=3, routed)           0.559     4.548    min1_OBUF[1]_inst_i_4_n_0
    SLICE_X3Y26          LUT6 (Prop_lut6_I2_O)        0.053     4.601 r  idx_OBUF[1]_inst_i_10/O
                         net (fo=1, routed)           0.557     5.159    idx_OBUF[1]_inst_i_10_n_0
    SLICE_X4Y26          LUT5 (Prop_lut5_I4_O)        0.053     5.212 r  idx_OBUF[1]_inst_i_8/O
                         net (fo=5, routed)           0.660     5.871    idx_OBUF[1]_inst_i_8_n_0
    SLICE_X4Y25          LUT6 (Prop_lut6_I0_O)        0.053     5.924 r  min1_OBUF[0]_inst_i_3/O
                         net (fo=3, routed)           0.566     6.491    min1_OBUF[0]_inst_i_3_n_0
    SLICE_X4Y28          LUT6 (Prop_lut6_I2_O)        0.053     6.544 r  idx_OBUF[1]_inst_i_6/O
                         net (fo=1, routed)           0.459     7.002    idx_OBUF[1]_inst_i_6_n_0
    SLICE_X4Y28          LUT5 (Prop_lut5_I4_O)        0.053     7.055 r  idx_OBUF[1]_inst_i_3/O
                         net (fo=7, routed)           0.685     7.740    p_0_in__0
    SLICE_X3Y29          LUT2 (Prop_lut2_I1_O)        0.053     7.793 r  idx_OBUF[2]_inst_i_2/O
                         net (fo=5, routed)           0.741     8.534    idx_OBUF[2]_inst_i_2_n_0
    SLICE_X4Y29          LUT6 (Prop_lut6_I1_O)        0.053     8.587 f  min1_OBUF[3]_inst_i_2/O
                         net (fo=3, routed)           0.588     9.175    min1_OBUF[3]_inst_i_2_n_0
    SLICE_X1Y29          LUT5 (Prop_lut5_I3_O)        0.053     9.228 f  idx_OBUF[2]_inst_i_4/O
                         net (fo=7, routed)           0.543     9.771    idx_OBUF[2]_inst_i_4_n_0
    SLICE_X3Y29          LUT5 (Prop_lut5_I4_O)        0.069     9.840 f  idx_OBUF[1]_inst_i_1/O
                         net (fo=13, routed)          1.110    10.950    idx_OBUF[1]
    SLICE_X2Y25          LUT4 (Prop_lut4_I2_O)        0.184    11.134 f  min2_OBUF[2]_inst_i_8/O
                         net (fo=6, routed)           0.846    11.979    min_temp21
    SLICE_X1Y24          LUT6 (Prop_lut6_I2_O)        0.172    12.151 r  min2_OBUF[2]_inst_i_9/O
                         net (fo=4, routed)           0.435    12.586    min2_OBUF[2]_inst_i_9_n_0
    SLICE_X1Y25          LUT6 (Prop_lut6_I2_O)        0.053    12.639 r  min2_OBUF[2]_inst_i_7/O
                         net (fo=5, routed)           0.692    13.332    min_temp212_out
    SLICE_X2Y24          LUT4 (Prop_lut4_I3_O)        0.053    13.385 r  min2_OBUF[3]_inst_i_7/O
                         net (fo=2, routed)           0.466    13.851    min2_OBUF[3]_inst_i_7_n_0
    SLICE_X2Y24          LUT6 (Prop_lut6_I1_O)        0.053    13.904 r  min2_OBUF[4]_inst_i_22/O
                         net (fo=5, routed)           0.706    14.609    min_temp215_out
    SLICE_X3Y25          LUT6 (Prop_lut6_I1_O)        0.053    14.662 r  min2_OBUF[0]_inst_i_6/O
                         net (fo=2, routed)           0.568    15.230    min2_OBUF[0]_inst_i_6_n_0
    SLICE_X3Y26          LUT6 (Prop_lut6_I4_O)        0.053    15.283 r  min2_OBUF[4]_inst_i_20/O
                         net (fo=1, routed)           0.602    15.885    min2_OBUF[4]_inst_i_20_n_0
    SLICE_X2Y26          LUT6 (Prop_lut6_I0_O)        0.053    15.938 r  min2_OBUF[4]_inst_i_18/O
                         net (fo=5, routed)           0.348    16.286    min_temp218_out
    SLICE_X3Y26          LUT3 (Prop_lut3_I1_O)        0.067    16.353 r  min2_OBUF[1]_inst_i_5/O
                         net (fo=2, routed)           0.729    17.082    min2_OBUF[1]_inst_i_5_n_0
    SLICE_X3Y28          LUT6 (Prop_lut6_I2_O)        0.170    17.252 r  min2_OBUF[4]_inst_i_16/O
                         net (fo=1, routed)           0.445    17.697    min2_OBUF[4]_inst_i_16_n_0
    SLICE_X3Y27          LUT6 (Prop_lut6_I0_O)        0.053    17.750 r  min2_OBUF[4]_inst_i_14/O
                         net (fo=5, routed)           0.326    18.076    min_temp2111_out
    SLICE_X3Y27          LUT3 (Prop_lut3_I1_O)        0.053    18.129 r  min2_OBUF[2]_inst_i_4/O
                         net (fo=2, routed)           0.571    18.700    min2_OBUF[2]_inst_i_4_n_0
    SLICE_X3Y28          LUT6 (Prop_lut6_I1_O)        0.053    18.753 r  min2_OBUF[4]_inst_i_12/O
                         net (fo=1, routed)           0.236    18.989    min2_OBUF[4]_inst_i_12_n_0
    SLICE_X2Y27          LUT6 (Prop_lut6_I0_O)        0.053    19.042 r  min2_OBUF[4]_inst_i_10/O
                         net (fo=5, routed)           0.576    19.618    min_temp2114_out
    SLICE_X2Y27          LUT3 (Prop_lut3_I1_O)        0.053    19.671 r  min2_OBUF[2]_inst_i_3/O
                         net (fo=2, routed)           0.503    20.174    min2_OBUF[2]_inst_i_3_n_0
    SLICE_X1Y28          LUT6 (Prop_lut6_I1_O)        0.053    20.227 r  min2_OBUF[4]_inst_i_8/O
                         net (fo=1, routed)           0.519    20.746    min2_OBUF[4]_inst_i_8_n_0
    SLICE_X1Y27          LUT6 (Prop_lut6_I0_O)        0.053    20.799 r  min2_OBUF[4]_inst_i_6/O
                         net (fo=5, routed)           0.574    21.373    min_temp2117_out
    SLICE_X1Y28          LUT3 (Prop_lut3_I1_O)        0.067    21.440 r  min2_OBUF[1]_inst_i_2/O
                         net (fo=2, routed)           0.314    21.754    min2_OBUF[1]_inst_i_2_n_0
    SLICE_X0Y27          LUT6 (Prop_lut6_I2_O)        0.170    21.924 r  min2_OBUF[4]_inst_i_4/O
                         net (fo=1, routed)           0.408    22.332    min2_OBUF[4]_inst_i_4_n_0
    SLICE_X0Y26          LUT6 (Prop_lut6_I0_O)        0.053    22.385 r  min2_OBUF[4]_inst_i_2/O
                         net (fo=5, routed)           0.306    22.692    min_temp2120_out
    SLICE_X0Y26          LUT3 (Prop_lut3_I1_O)        0.053    22.745 r  min2_OBUF[4]_inst_i_1/O
                         net (fo=1, routed)           1.725    24.470    min2_OBUF[4]
    N17                  OBUF (Prop_obuf_I_O)         2.444    26.914 r  min2_OBUF[4]_inst/O
                         net (fo=0)                   0.000    26.914    min2[4]
    N17                                                               r  min2[4] (OUT)
  -------------------------------------------------------------------    -------------------

Slack:                    inf
  Source:                 m0[1]
                            (input port)
  Destination:            min1[2]
                            (output port)
  Path Group:             (none)
  Path Type:              Max at Slow Process Corner
  Data Path Delay:        14.937ns  (logic 3.944ns (26.405%)  route 10.993ns (73.595%))
  Logic Levels:           15  (IBUF=1 LUT2=1 LUT3=1 LUT4=1 LUT5=4 LUT6=6 OBUF=1)

    Location             Delay type                Incr(ns)  Path(ns)    Netlist Resource(s)
  -------------------------------------------------------------------    -------------------
    T19                                               0.000     0.000 r  m0[1] (IN)
                         net (fo=0)                   0.000     0.000    m0[1]
    T19                  IBUF (Prop_ibuf_I_O)         0.809     0.809 r  m0_IBUF[1]_inst/O
                         net (fo=6, routed)           1.560     2.369    m0_IBUF[1]
    SLICE_X0Y24          LUT5 (Prop_lut5_I1_O)        0.053     2.422 f  idx_OBUF[0]_inst_i_6/O
                         net (fo=11, routed)          0.620     3.042    min_temp11
    SLICE_X3Y24          LUT6 (Prop_lut6_I2_O)        0.053     3.095 r  idx_OBUF[0]_inst_i_4/O
                         net (fo=6, routed)           0.842     3.936    idx_OBUF[0]_inst_i_4_n_0
    SLICE_X3Y25          LUT4 (Prop_lut4_I1_O)        0.053     3.989 r  min1_OBUF[1]_inst_i_4/O
                         net (fo=3, routed)           0.559     4.548    min1_OBUF[1]_inst_i_4_n_0
    SLICE_X3Y26          LUT6 (Prop_lut6_I2_O)        0.053     4.601 r  idx_OBUF[1]_inst_i_10/O
                         net (fo=1, routed)           0.557     5.159    idx_OBUF[1]_inst_i_10_n_0
    SLICE_X4Y26          LUT5 (Prop_lut5_I4_O)        0.053     5.212 r  idx_OBUF[1]_inst_i_8/O
                         net (fo=5, routed)           0.660     5.871    idx_OBUF[1]_inst_i_8_n_0
    SLICE_X4Y25          LUT6 (Prop_lut6_I0_O)        0.053     5.924 f  min1_OBUF[0]_inst_i_3/O
                         net (fo=3, routed)           0.566     6.491    min1_OBUF[0]_inst_i_3_n_0
    SLICE_X4Y28          LUT6 (Prop_lut6_I2_O)        0.053     6.544 f  idx_OBUF[1]_inst_i_6/O
                         net (fo=1, routed)           0.459     7.002    idx_OBUF[1]_inst_i_6_n_0
    SLICE_X4Y28          LUT5 (Prop_lut5_I4_O)        0.053     7.055 f  idx_OBUF[1]_inst_i_3/O
                         net (fo=7, routed)           0.685     7.740    p_0_in__0
    SLICE_X3Y29          LUT2 (Prop_lut2_I1_O)        0.053     7.793 f  idx_OBUF[2]_inst_i_2/O
                         net (fo=5, routed)           0.741     8.534    idx_OBUF[2]_inst_i_2_n_0
    SLICE_X4Y29          LUT6 (Prop_lut6_I1_O)        0.053     8.587 r  min1_OBUF[3]_inst_i_2/O
                         net (fo=3, routed)           0.588     9.175    min1_OBUF[3]_inst_i_2_n_0
    SLICE_X1Y29          LUT5 (Prop_lut5_I3_O)        0.053     9.228 r  idx_OBUF[2]_inst_i_4/O
                         net (fo=7, routed)           0.576     9.804    idx_OBUF[2]_inst_i_4_n_0
    SLICE_X0Y29          LUT3 (Prop_lut3_I1_O)        0.053     9.857 r  min1_OBUF[4]_inst_i_4/O
                         net (fo=5, routed)           0.577    10.434    min1_OBUF[4]_inst_i_4_n_0
    SLICE_X1Y28          LUT6 (Prop_lut6_I2_O)        0.053    10.487 r  min1_OBUF[2]_inst_i_1/O
                         net (fo=1, routed)           2.004    12.491    min1_OBUF[2]
    R18                  OBUF (Prop_obuf_I_O)         2.446    14.937 r  min1_OBUF[2]_inst/O
                         net (fo=0)                   0.000    14.937    min1[2]
    R18                                                               r  min1[2] (OUT)
  -------------------------------------------------------------------    -------------------

Slack:                    inf
  Source:                 m0[1]
                            (input port)
  Destination:            min1[3]
                            (output port)
  Path Group:             (none)
  Path Type:              Max at Slow Process Corner
  Data Path Delay:        14.822ns  (logic 3.917ns (26.430%)  route 10.905ns (73.570%))
  Logic Levels:           15  (IBUF=1 LUT2=1 LUT4=1 LUT5=4 LUT6=7 OBUF=1)

    Location             Delay type                Incr(ns)  Path(ns)    Netlist Resource(s)
  -------------------------------------------------------------------    -------------------
    T19                                               0.000     0.000 r  m0[1] (IN)
                         net (fo=0)                   0.000     0.000    m0[1]
    T19                  IBUF (Prop_ibuf_I_O)         0.809     0.809 r  m0_IBUF[1]_inst/O
                         net (fo=6, routed)           1.560     2.369    m0_IBUF[1]
    SLICE_X0Y24          LUT5 (Prop_lut5_I1_O)        0.053     2.422 f  idx_OBUF[0]_inst_i_6/O
                         net (fo=11, routed)          0.620     3.042    min_temp11
    SLICE_X3Y24          LUT6 (Prop_lut6_I2_O)        0.053     3.095 r  idx_OBUF[0]_inst_i_4/O
                         net (fo=6, routed)           0.842     3.936    idx_OBUF[0]_inst_i_4_n_0
    SLICE_X3Y25          LUT4 (Prop_lut4_I1_O)        0.053     3.989 r  min1_OBUF[1]_inst_i_4/O
                         net (fo=3, routed)           0.559     4.548    min1_OBUF[1]_inst_i_4_n_0
    SLICE_X3Y26          LUT6 (Prop_lut6_I2_O)        0.053     4.601 r  idx_OBUF[1]_inst_i_10/O
                         net (fo=1, routed)           0.557     5.159    idx_OBUF[1]_inst_i_10_n_0
    SLICE_X4Y26          LUT5 (Prop_lut5_I4_O)        0.053     5.212 r  idx_OBUF[1]_inst_i_8/O
                         net (fo=5, routed)           0.660     5.871    idx_OBUF[1]_inst_i_8_n_0
    SLICE_X4Y25          LUT6 (Prop_lut6_I0_O)        0.053     5.924 f  min1_OBUF[0]_inst_i_3/O
                         net (fo=3, routed)           0.566     6.491    min1_OBUF[0]_inst_i_3_n_0
    SLICE_X4Y28          LUT6 (Prop_lut6_I2_O)        0.053     6.544 f  idx_OBUF[1]_inst_i_6/O
                         net (fo=1, routed)           0.459     7.002    idx_OBUF[1]_inst_i_6_n_0
    SLICE_X4Y28          LUT5 (Prop_lut5_I4_O)        0.053     7.055 f  idx_OBUF[1]_inst_i_3/O
                         net (fo=7, routed)           0.685     7.740    p_0_in__0
    SLICE_X3Y29          LUT2 (Prop_lut2_I1_O)        0.053     7.793 f  idx_OBUF[2]_inst_i_2/O
                         net (fo=5, routed)           0.741     8.534    idx_OBUF[2]_inst_i_2_n_0
    SLICE_X4Y29          LUT6 (Prop_lut6_I1_O)        0.053     8.587 r  min1_OBUF[3]_inst_i_2/O
                         net (fo=3, routed)           0.588     9.175    min1_OBUF[3]_inst_i_2_n_0
    SLICE_X1Y29          LUT5 (Prop_lut5_I3_O)        0.053     9.228 r  idx_OBUF[2]_inst_i_4/O
                         net (fo=7, routed)           0.577     9.805    idx_OBUF[2]_inst_i_4_n_0
    SLICE_X0Y28          LUT6 (Prop_lut6_I0_O)        0.053     9.858 r  min1_OBUF[4]_inst_i_5/O
                         net (fo=5, routed)           0.711    10.569    min1_OBUF[4]_inst_i_5_n_0
    SLICE_X1Y27          LUT6 (Prop_lut6_I5_O)        0.053    10.622 r  min1_OBUF[3]_inst_i_1/O
                         net (fo=1, routed)           1.781    12.403    min1_OBUF[3]
    T17                  OBUF (Prop_obuf_I_O)         2.419    14.822 r  min1_OBUF[3]_inst/O
                         net (fo=0)                   0.000    14.822    min1[3]
    T17                                                               r  min1[3] (OUT)
  -------------------------------------------------------------------    -------------------

Slack:                    inf
  Source:                 m0[1]
                            (input port)
  Destination:            min1[4]
                            (output port)
  Path Group:             (none)
  Path Type:              Max at Slow Process Corner
  Data Path Delay:        14.804ns  (logic 3.916ns (26.449%)  route 10.889ns (73.551%))
  Logic Levels:           15  (IBUF=1 LUT2=1 LUT4=1 LUT5=4 LUT6=7 OBUF=1)

    Location             Delay type                Incr(ns)  Path(ns)    Netlist Resource(s)
  -------------------------------------------------------------------    -------------------
    T19                                               0.000     0.000 r  m0[1] (IN)
                         net (fo=0)                   0.000     0.000    m0[1]
    T19                  IBUF (Prop_ibuf_I_O)         0.809     0.809 r  m0_IBUF[1]_inst/O
                         net (fo=6, routed)           1.560     2.369    m0_IBUF[1]
    SLICE_X0Y24          LUT5 (Prop_lut5_I1_O)        0.053     2.422 f  idx_OBUF[0]_inst_i_6/O
                         net (fo=11, routed)          0.620     3.042    min_temp11
    SLICE_X3Y24          LUT6 (Prop_lut6_I2_O)        0.053     3.095 r  idx_OBUF[0]_inst_i_4/O
                         net (fo=6, routed)           0.842     3.936    idx_OBUF[0]_inst_i_4_n_0
    SLICE_X3Y25          LUT4 (Prop_lut4_I1_O)        0.053     3.989 r  min1_OBUF[1]_inst_i_4/O
                         net (fo=3, routed)           0.559     4.548    min1_OBUF[1]_inst_i_4_n_0
    SLICE_X3Y26          LUT6 (Prop_lut6_I2_O)        0.053     4.601 r  idx_OBUF[1]_inst_i_10/O
                         net (fo=1, routed)           0.557     5.159    idx_OBUF[1]_inst_i_10_n_0
    SLICE_X4Y26          LUT5 (Prop_lut5_I4_O)        0.053     5.212 r  idx_OBUF[1]_inst_i_8/O
                         net (fo=5, routed)           0.660     5.871    idx_OBUF[1]_inst_i_8_n_0
    SLICE_X4Y25          LUT6 (Prop_lut6_I0_O)        0.053     5.924 f  min1_OBUF[0]_inst_i_3/O
                         net (fo=3, routed)           0.566     6.491    min1_OBUF[0]_inst_i_3_n_0
    SLICE_X4Y28          LUT6 (Prop_lut6_I2_O)        0.053     6.544 f  idx_OBUF[1]_inst_i_6/O
                         net (fo=1, routed)           0.459     7.002    idx_OBUF[1]_inst_i_6_n_0
    SLICE_X4Y28          LUT5 (Prop_lut5_I4_O)        0.053     7.055 f  idx_OBUF[1]_inst_i_3/O
                         net (fo=7, routed)           0.685     7.740    p_0_in__0
    SLICE_X3Y29          LUT2 (Prop_lut2_I1_O)        0.053     7.793 f  idx_OBUF[2]_inst_i_2/O
                         net (fo=5, routed)           0.741     8.534    idx_OBUF[2]_inst_i_2_n_0
    SLICE_X4Y29          LUT6 (Prop_lut6_I1_O)        0.053     8.587 r  min1_OBUF[3]_inst_i_2/O
                         net (fo=3, routed)           0.588     9.175    min1_OBUF[3]_inst_i_2_n_0
    SLICE_X1Y29          LUT5 (Prop_lut5_I3_O)        0.053     9.228 r  idx_OBUF[2]_inst_i_4/O
                         net (fo=7, routed)           0.577     9.805    idx_OBUF[2]_inst_i_4_n_0
    SLICE_X0Y28          LUT6 (Prop_lut6_I0_O)        0.053     9.858 r  min1_OBUF[4]_inst_i_5/O
                         net (fo=5, routed)           0.701    10.559    min1_OBUF[4]_inst_i_5_n_0
    SLICE_X0Y27          LUT6 (Prop_lut6_I5_O)        0.053    10.612 r  min1_OBUF[4]_inst_i_1/O
                         net (fo=1, routed)           1.774    12.387    min1_OBUF[4]
    U17                  OBUF (Prop_obuf_I_O)         2.417    14.804 r  min1_OBUF[4]_inst/O
                         net (fo=0)                   0.000    14.804    min1[4]
    U17                                                               r  min1[4] (OUT)
  -------------------------------------------------------------------    -------------------

Slack:                    inf
  Source:                 m0[1]
                            (input port)
  Destination:            min1[1]
                            (output port)
  Path Group:             (none)
  Path Type:              Max at Slow Process Corner
  Data Path Delay:        14.764ns  (logic 3.949ns (26.746%)  route 10.815ns (73.254%))
  Logic Levels:           15  (IBUF=1 LUT2=1 LUT3=1 LUT4=1 LUT5=4 LUT6=6 OBUF=1)

    Location             Delay type                Incr(ns)  Path(ns)    Netlist Resource(s)
  -------------------------------------------------------------------    -------------------
    T19                                               0.000     0.000 r  m0[1] (IN)
                         net (fo=0)                   0.000     0.000    m0[1]
    T19                  IBUF (Prop_ibuf_I_O)         0.809     0.809 r  m0_IBUF[1]_inst/O
                         net (fo=6, routed)           1.560     2.369    m0_IBUF[1]
    SLICE_X0Y24          LUT5 (Prop_lut5_I1_O)        0.053     2.422 f  idx_OBUF[0]_inst_i_6/O
                         net (fo=11, routed)          0.620     3.042    min_temp11
    SLICE_X3Y24          LUT6 (Prop_lut6_I2_O)        0.053     3.095 r  idx_OBUF[0]_inst_i_4/O
                         net (fo=6, routed)           0.842     3.936    idx_OBUF[0]_inst_i_4_n_0
    SLICE_X3Y25          LUT4 (Prop_lut4_I1_O)        0.053     3.989 r  min1_OBUF[1]_inst_i_4/O
                         net (fo=3, routed)           0.559     4.548    min1_OBUF[1]_inst_i_4_n_0
    SLICE_X3Y26          LUT6 (Prop_lut6_I2_O)        0.053     4.601 r  idx_OBUF[1]_inst_i_10/O
                         net (fo=1, routed)           0.557     5.159    idx_OBUF[1]_inst_i_10_n_0
    SLICE_X4Y26          LUT5 (Prop_lut5_I4_O)        0.053     5.212 r  idx_OBUF[1]_inst_i_8/O
                         net (fo=5, routed)           0.660     5.871    idx_OBUF[1]_inst_i_8_n_0
    SLICE_X4Y25          LUT6 (Prop_lut6_I0_O)        0.053     5.924 f  min1_OBUF[0]_inst_i_3/O
                         net (fo=3, routed)           0.566     6.491    min1_OBUF[0]_inst_i_3_n_0
    SLICE_X4Y28          LUT6 (Prop_lut6_I2_O)        0.053     6.544 f  idx_OBUF[1]_inst_i_6/O
                         net (fo=1, routed)           0.459     7.002    idx_OBUF[1]_inst_i_6_n_0
    SLICE_X4Y28          LUT5 (Prop_lut5_I4_O)        0.053     7.055 f  idx_OBUF[1]_inst_i_3/O
                         net (fo=7, routed)           0.685     7.740    p_0_in__0
    SLICE_X3Y29          LUT2 (Prop_lut2_I1_O)        0.053     7.793 f  idx_OBUF[2]_inst_i_2/O
                         net (fo=5, routed)           0.741     8.534    idx_OBUF[2]_inst_i_2_n_0
    SLICE_X4Y29          LUT6 (Prop_lut6_I1_O)        0.053     8.587 r  min1_OBUF[3]_inst_i_2/O
                         net (fo=3, routed)           0.588     9.175    min1_OBUF[3]_inst_i_2_n_0
    SLICE_X1Y29          LUT5 (Prop_lut5_I3_O)        0.053     9.228 r  idx_OBUF[2]_inst_i_4/O
                         net (fo=7, routed)           0.576     9.804    idx_OBUF[2]_inst_i_4_n_0
    SLICE_X0Y29          LUT3 (Prop_lut3_I1_O)        0.053     9.857 r  min1_OBUF[4]_inst_i_4/O
                         net (fo=5, routed)           0.464    10.321    min1_OBUF[4]_inst_i_4_n_0
    SLICE_X0Y28          LUT6 (Prop_lut6_I2_O)        0.053    10.374 r  min1_OBUF[1]_inst_i_1/O
                         net (fo=1, routed)           1.939    12.313    min1_OBUF[1]
    P18                  OBUF (Prop_obuf_I_O)         2.451    14.764 r  min1_OBUF[1]_inst/O
                         net (fo=0)                   0.000    14.764    min1[1]
    P18                                                               r  min1[1] (OUT)
  -------------------------------------------------------------------    -------------------

Slack:                    inf
  Source:                 m0[1]
                            (input port)
  Destination:            min1[0]
                            (output port)
  Path Group:             (none)
  Path Type:              Max at Slow Process Corner
  Data Path Delay:        14.738ns  (logic 3.932ns (26.678%)  route 10.806ns (73.322%))
  Logic Levels:           15  (IBUF=1 LUT2=1 LUT3=1 LUT4=1 LUT5=4 LUT6=6 OBUF=1)

    Location             Delay type                Incr(ns)  Path(ns)    Netlist Resource(s)
  -------------------------------------------------------------------    -------------------
    T19                                               0.000     0.000 r  m0[1] (IN)
                         net (fo=0)                   0.000     0.000    m0[1]
    T19                  IBUF (Prop_ibuf_I_O)         0.809     0.809 r  m0_IBUF[1]_inst/O
                         net (fo=6, routed)           1.560     2.369    m0_IBUF[1]
    SLICE_X0Y24          LUT5 (Prop_lut5_I1_O)        0.053     2.422 f  idx_OBUF[0]_inst_i_6/O
                         net (fo=11, routed)          0.620     3.042    min_temp11
    SLICE_X3Y24          LUT6 (Prop_lut6_I2_O)        0.053     3.095 r  idx_OBUF[0]_inst_i_4/O
                         net (fo=6, routed)           0.842     3.936    idx_OBUF[0]_inst_i_4_n_0
    SLICE_X3Y25          LUT4 (Prop_lut4_I1_O)        0.053     3.989 r  min1_OBUF[1]_inst_i_4/O
                         net (fo=3, routed)           0.559     4.548    min1_OBUF[1]_inst_i_4_n_0
    SLICE_X3Y26          LUT6 (Prop_lut6_I2_O)        0.053     4.601 r  idx_OBUF[1]_inst_i_10/O
                         net (fo=1, routed)           0.557     5.159    idx_OBUF[1]_inst_i_10_n_0
    SLICE_X4Y26          LUT5 (Prop_lut5_I4_O)        0.053     5.212 r  idx_OBUF[1]_inst_i_8/O
                         net (fo=5, routed)           0.660     5.871    idx_OBUF[1]_inst_i_8_n_0
    SLICE_X4Y25          LUT6 (Prop_lut6_I0_O)        0.053     5.924 f  min1_OBUF[0]_inst_i_3/O
                         net (fo=3, routed)           0.566     6.491    min1_OBUF[0]_inst_i_3_n_0
    SLICE_X4Y28          LUT6 (Prop_lut6_I2_O)        0.053     6.544 f  idx_OBUF[1]_inst_i_6/O
                         net (fo=1, routed)           0.459     7.002    idx_OBUF[1]_inst_i_6_n_0
    SLICE_X4Y28          LUT5 (Prop_lut5_I4_O)        0.053     7.055 f  idx_OBUF[1]_inst_i_3/O
                         net (fo=7, routed)           0.685     7.740    p_0_in__0
    SLICE_X3Y29          LUT2 (Prop_lut2_I1_O)        0.053     7.793 f  idx_OBUF[2]_inst_i_2/O
                         net (fo=5, routed)           0.741     8.534    idx_OBUF[2]_inst_i_2_n_0
    SLICE_X4Y29          LUT6 (Prop_lut6_I1_O)        0.053     8.587 r  min1_OBUF[3]_inst_i_2/O
                         net (fo=3, routed)           0.588     9.175    min1_OBUF[3]_inst_i_2_n_0
    SLICE_X1Y29          LUT5 (Prop_lut5_I3_O)        0.053     9.228 r  idx_OBUF[2]_inst_i_4/O
                         net (fo=7, routed)           0.576     9.804    idx_OBUF[2]_inst_i_4_n_0
    SLICE_X0Y29          LUT3 (Prop_lut3_I1_O)        0.053     9.857 r  min1_OBUF[4]_inst_i_4/O
                         net (fo=5, routed)           0.464    10.321    min1_OBUF[4]_inst_i_4_n_0
    SLICE_X1Y28          LUT6 (Prop_lut6_I2_O)        0.053    10.374 r  min1_OBUF[0]_inst_i_1/O
                         net (fo=1, routed)           1.930    12.304    min1_OBUF[0]
    U16                  OBUF (Prop_obuf_I_O)         2.434    14.738 r  min1_OBUF[0]_inst/O
                         net (fo=0)                   0.000    14.738    min1[0]
    U16                                                               r  min1[0] (OUT)
  -------------------------------------------------------------------    -------------------





Min Delay Paths
--------------------------------------------------------------------------------------
Slack:                    inf
  Source:                 m6[2]
                            (input port)
  Destination:            min1[2]
                            (output port)
  Path Group:             (none)
  Path Type:              Min at Fast Process Corner
  Data Path Delay:        2.628ns  (logic 1.404ns (53.402%)  route 1.225ns (46.598%))
  Logic Levels:           3  (IBUF=1 LUT6=1 OBUF=1)

    Location             Delay type                Incr(ns)  Path(ns)    Netlist Resource(s)
  -------------------------------------------------------------------    -------------------
    P24                                               0.000     0.000 r  m6[2] (IN)
                         net (fo=0)                   0.000     0.000    m6[2]
    P24                  IBUF (Prop_ibuf_I_O)         0.100     0.100 r  m6_IBUF[2]_inst/O
                         net (fo=5, routed)           0.541     0.642    m6_IBUF[2]
    SLICE_X1Y28          LUT6 (Prop_lut6_I4_O)        0.028     0.670 r  min1_OBUF[2]_inst_i_1/O
                         net (fo=1, routed)           0.684     1.353    min1_OBUF[2]
    R18                  OBUF (Prop_obuf_I_O)         1.275     2.628 r  min1_OBUF[2]_inst/O
                         net (fo=0)                   0.000     2.628    min1[2]
    R18                                                               r  min1[2] (OUT)
  -------------------------------------------------------------------    -------------------

Slack:                    inf
  Source:                 m6[4]
                            (input port)
  Destination:            min1[4]
                            (output port)
  Path Group:             (none)
  Path Type:              Min at Fast Process Corner
  Data Path Delay:        2.665ns  (logic 1.408ns (52.845%)  route 1.257ns (47.155%))
  Logic Levels:           3  (IBUF=1 LUT6=1 OBUF=1)

    Location             Delay type                Incr(ns)  Path(ns)    Netlist Resource(s)
  -------------------------------------------------------------------    -------------------
    M25                                               0.000     0.000 r  m6[4] (IN)
                         net (fo=0)                   0.000     0.000    m6[4]
    M25                  IBUF (Prop_ibuf_I_O)         0.133     0.133 r  m6_IBUF[4]_inst/O
                         net (fo=6, routed)           0.665     0.799    m6_IBUF[4]
    SLICE_X0Y27          LUT6 (Prop_lut6_I4_O)        0.028     0.827 r  min1_OBUF[4]_inst_i_1/O
                         net (fo=1, routed)           0.591     1.418    min1_OBUF[4]
    U17                  OBUF (Prop_obuf_I_O)         1.247     2.665 r  min1_OBUF[4]_inst/O
                         net (fo=0)                   0.000     2.665    min1[4]
    U17                                                               r  min1[4] (OUT)
  -------------------------------------------------------------------    -------------------

Slack:                    inf
  Source:                 m7[4]
                            (input port)
  Destination:            min2[4]
                            (output port)
  Path Group:             (none)
  Path Type:              Min at Fast Process Corner
  Data Path Delay:        2.671ns  (logic 1.356ns (50.753%)  route 1.316ns (49.247%))
  Logic Levels:           3  (IBUF=1 LUT3=1 OBUF=1)

    Location             Delay type                Incr(ns)  Path(ns)    Netlist Resource(s)
  -------------------------------------------------------------------    -------------------
    N16                                               0.000     0.000 r  m7[4] (IN)
                         net (fo=0)                   0.000     0.000    m7[4]
    N16                  IBUF (Prop_ibuf_I_O)         0.054     0.054 r  m7_IBUF[4]_inst/O
                         net (fo=6, routed)           0.761     0.815    m7_IBUF[4]
    SLICE_X0Y26          LUT3 (Prop_lut3_I0_O)        0.028     0.843 r  min2_OBUF[4]_inst_i_1/O
                         net (fo=1, routed)           0.555     1.398    min2_OBUF[4]
    N17                  OBUF (Prop_obuf_I_O)         1.274     2.671 r  min2_OBUF[4]_inst/O
                         net (fo=0)                   0.000     2.671    min2[4]
    N17                                                               r  min2[4] (OUT)
  -------------------------------------------------------------------    -------------------

Slack:                    inf
  Source:                 m7[3]
                            (input port)
  Destination:            min1[3]
                            (output port)
  Path Group:             (none)
  Path Type:              Min at Fast Process Corner
  Data Path Delay:        2.677ns  (logic 1.408ns (52.600%)  route 1.269ns (47.400%))
  Logic Levels:           3  (IBUF=1 LUT6=1 OBUF=1)

    Location             Delay type                Incr(ns)  Path(ns)    Netlist Resource(s)
  -------------------------------------------------------------------    -------------------
    K25                                               0.000     0.000 r  m7[3] (IN)
                         net (fo=0)                   0.000     0.000    m7[3]
    K25                  IBUF (Prop_ibuf_I_O)         0.131     0.131 r  m7_IBUF[3]_inst/O
                         net (fo=6, routed)           0.676     0.807    m7_IBUF[3]
    SLICE_X1Y27          LUT6 (Prop_lut6_I3_O)        0.028     0.835 r  min1_OBUF[3]_inst_i_1/O
                         net (fo=1, routed)           0.593     1.428    min1_OBUF[3]
    T17                  OBUF (Prop_obuf_I_O)         1.249     2.677 r  min1_OBUF[3]_inst/O
                         net (fo=0)                   0.000     2.677    min1[3]
    T17                                                               r  min1[3] (OUT)
  -------------------------------------------------------------------    -------------------

Slack:                    inf
  Source:                 m7[2]
                            (input port)
  Destination:            min2[2]
                            (output port)
  Path Group:             (none)
  Path Type:              Min at Fast Process Corner
  Data Path Delay:        2.684ns  (logic 1.432ns (53.336%)  route 1.253ns (46.664%))
  Logic Levels:           3  (IBUF=1 LUT3=1 OBUF=1)

    Location             Delay type                Incr(ns)  Path(ns)    Netlist Resource(s)
  -------------------------------------------------------------------    -------------------
    K26                                               0.000     0.000 r  m7[2] (IN)
                         net (fo=0)                   0.000     0.000    m7[2]
    K26                  IBUF (Prop_ibuf_I_O)         0.134     0.134 r  m7_IBUF[2]_inst/O
                         net (fo=5, routed)           0.696     0.830    m7_IBUF[2]
    SLICE_X0Y26          LUT3 (Prop_lut3_I0_O)        0.028     0.858 r  min2_OBUF[2]_inst_i_1/O
                         net (fo=1, routed)           0.556     1.414    min2_OBUF[2]
    R17                  OBUF (Prop_obuf_I_O)         1.270     2.684 r  min2_OBUF[2]_inst/O
                         net (fo=0)                   0.000     2.684    min2[2]
    R17                                                               r  min2[2] (OUT)
  -------------------------------------------------------------------    -------------------

Slack:                    inf
  Source:                 m7[1]
                            (input port)
  Destination:            min1[1]
                            (output port)
  Path Group:             (none)
  Path Type:              Min at Fast Process Corner
  Data Path Delay:        2.732ns  (logic 1.416ns (51.835%)  route 1.316ns (48.165%))
  Logic Levels:           3  (IBUF=1 LUT6=1 OBUF=1)

    Location             Delay type                Incr(ns)  Path(ns)    Netlist Resource(s)
  -------------------------------------------------------------------    -------------------
    R26                                               0.000     0.000 r  m7[1] (IN)
                         net (fo=0)                   0.000     0.000    m7[1]
    R26                  IBUF (Prop_ibuf_I_O)         0.108     0.108 r  m7_IBUF[1]_inst/O
                         net (fo=5, routed)           0.648     0.756    m7_IBUF[1]
    SLICE_X0Y28          LUT6 (Prop_lut6_I3_O)        0.028     0.784 r  min1_OBUF[1]_inst_i_1/O
                         net (fo=1, routed)           0.668     1.452    min1_OBUF[1]
    P18                  OBUF (Prop_obuf_I_O)         1.280     2.732 r  min1_OBUF[1]_inst/O
                         net (fo=0)                   0.000     2.732    min1[1]
    P18                                                               r  min1[1] (OUT)
  -------------------------------------------------------------------    -------------------

Slack:                    inf
  Source:                 m4[0]
                            (input port)
  Destination:            min1[0]
                            (output port)
  Path Group:             (none)
  Path Type:              Min at Fast Process Corner
  Data Path Delay:        2.733ns  (logic 1.427ns (52.228%)  route 1.306ns (47.772%))
  Logic Levels:           4  (IBUF=1 LUT6=2 OBUF=1)

    Location             Delay type                Incr(ns)  Path(ns)    Netlist Resource(s)
  -------------------------------------------------------------------    -------------------
    M21                                               0.000     0.000 r  m4[0] (IN)
                         net (fo=0)                   0.000     0.000    m4[0]
    M21                  IBUF (Prop_ibuf_I_O)         0.108     0.108 r  m4_IBUF[0]_inst/O
                         net (fo=5, routed)           0.510     0.618    m4_IBUF[0]
    SLICE_X2Y28          LUT6 (Prop_lut6_I3_O)        0.028     0.646 r  min1_OBUF[0]_inst_i_2/O
                         net (fo=3, routed)           0.131     0.777    min1_OBUF[0]_inst_i_2_n_0
    SLICE_X1Y28          LUT6 (Prop_lut6_I0_O)        0.028     0.805 r  min1_OBUF[0]_inst_i_1/O
                         net (fo=1, routed)           0.665     1.470    min1_OBUF[0]
    U16                  OBUF (Prop_obuf_I_O)         1.263     2.733 r  min1_OBUF[0]_inst/O
                         net (fo=0)                   0.000     2.733    min1[0]
    U16                                                               r  min1[0] (OUT)
  -------------------------------------------------------------------    -------------------

Slack:                    inf
  Source:                 m6[3]
                            (input port)
  Destination:            idx[0]
                            (output port)
  Path Group:             (none)
  Path Type:              Min at Fast Process Corner
  Data Path Delay:        2.790ns  (logic 1.563ns (56.018%)  route 1.227ns (43.982%))
  Logic Levels:           4  (IBUF=1 LUT4=1 LUT5=1 OBUF=1)

    Location             Delay type                Incr(ns)  Path(ns)    Netlist Resource(s)
  -------------------------------------------------------------------    -------------------
    L25                                               0.000     0.000 r  m6[3] (IN)
                         net (fo=0)                   0.000     0.000    m6[3]
    L25                  IBUF (Prop_ibuf_I_O)         0.130     0.130 r  m6_IBUF[3]_inst/O
                         net (fo=6, routed)           0.519     0.649    m6_IBUF[3]
    SLICE_X0Y29          LUT5 (Prop_lut5_I3_O)        0.028     0.677 r  idx_OBUF[0]_inst_i_2/O
                         net (fo=2, routed)           0.121     0.797    data0[0]
    SLICE_X0Y29          LUT4 (Prop_lut4_I0_O)        0.030     0.827 r  idx_OBUF[0]_inst_i_1/O
                         net (fo=13, routed)          0.587     1.415    idx_OBUF[0]
    L23                  OBUF (Prop_obuf_I_O)         1.375     2.790 r  idx_OBUF[0]_inst/O
                         net (fo=0)                   0.000     2.790    idx[0]
    L23                                                               r  idx[0] (OUT)
  -------------------------------------------------------------------    -------------------

Slack:                    inf
  Source:                 m7[3]
                            (input port)
  Destination:            min2[3]
                            (output port)
  Path Group:             (none)
  Path Type:              Min at Fast Process Corner
  Data Path Delay:        2.800ns  (logic 1.476ns (52.727%)  route 1.324ns (47.273%))
  Logic Levels:           3  (IBUF=1 LUT3=1 OBUF=1)

    Location             Delay type                Incr(ns)  Path(ns)    Netlist Resource(s)
  -------------------------------------------------------------------    -------------------
    K25                                               0.000     0.000 r  m7[3] (IN)
                         net (fo=0)                   0.000     0.000    m7[3]
    K25                  IBUF (Prop_ibuf_I_O)         0.131     0.131 r  m7_IBUF[3]_inst/O
                         net (fo=6, routed)           0.758     0.889    m7_IBUF[3]
    SLICE_X0Y26          LUT3 (Prop_lut3_I0_O)        0.031     0.920 r  min2_OBUF[3]_inst_i_1/O
                         net (fo=1, routed)           0.566     1.486    min2_OBUF[3]
    R16                  OBUF (Prop_obuf_I_O)         1.314     2.800 r  min2_OBUF[3]_inst/O
                         net (fo=0)                   0.000     2.800    min2[3]
    R16                                                               r  min2[3] (OUT)
  -------------------------------------------------------------------    -------------------

Slack:                    inf
  Source:                 m7[0]
                            (input port)
  Destination:            min2[0]
                            (output port)
  Path Group:             (none)
  Path Type:              Min at Fast Process Corner
  Data Path Delay:        2.824ns  (logic 1.476ns (52.278%)  route 1.348ns (47.722%))
  Logic Levels:           3  (IBUF=1 LUT3=1 OBUF=1)

    Location             Delay type                Incr(ns)  Path(ns)    Netlist Resource(s)
  -------------------------------------------------------------------    -------------------
    P26                                               0.000     0.000 r  m7[0] (IN)
                         net (fo=0)                   0.000     0.000    m7[0]
    P26                  IBUF (Prop_ibuf_I_O)         0.115     0.115 r  m7_IBUF[0]_inst/O
                         net (fo=5, routed)           0.760     0.875    m7_IBUF[0]
    SLICE_X0Y27          LUT3 (Prop_lut3_I0_O)        0.031     0.906 r  min2_OBUF[0]_inst_i_1/O
                         net (fo=1, routed)           0.588     1.493    min2_OBUF[0]
    M19                  OBUF (Prop_obuf_I_O)         1.331     2.824 r  min2_OBUF[0]_inst/O
                         net (fo=0)                   0.000     2.824    min2[0]
    M19                                                               r  min2[0] (OUT)
  -------------------------------------------------------------------    -------------------





